TN:
SF:context/index.js
FN:10,context
FNF:1
FNH:1
FNDA:1,context
DA:11,1
DA:12,1
DA:13,1
DA:14,1
DA:15,1
DA:16,1
DA:17,1
DA:18,1
DA:19,1
DA:20,1
DA:21,1
DA:22,1
DA:23,1
DA:24,1
DA:25,1
DA:26,1
DA:28,1
DA:29,1
DA:30,1
LF:19
LH:19
BRF:0
BRH:0
end_of_record
TN:
SF:legacy/randomcode.js
FN:15,(anonymous_0)
FN:63,(anonymous_1)
FN:105,(anonymous_2)
FN:138,(anonymous_3)
FN:172,generateUUID
FN:174,(anonymous_5)
FNF:6
FNH:0
FNDA:0,(anonymous_0)
FNDA:0,(anonymous_1)
FNDA:0,(anonymous_2)
FNDA:0,(anonymous_3)
FNDA:0,generateUUID
FNDA:0,(anonymous_5)
DA:3,1
DA:16,0
DA:17,0
DA:18,0
DA:19,0
DA:20,0
DA:23,0
DA:24,0
DA:28,0
DA:30,0
DA:31,0
DA:35,0
DA:39,0
DA:41,0
DA:43,0
DA:44,0
DA:49,0
DA:52,0
DA:61,0
DA:64,0
DA:65,0
DA:66,0
DA:67,0
DA:68,0
DA:70,0
DA:73,0
DA:74,0
DA:77,0
DA:78,0
DA:79,0
DA:80,0
DA:81,0
DA:82,0
DA:85,0
DA:86,0
DA:87,0
DA:88,0
DA:89,0
DA:90,0
DA:91,0
DA:94,0
DA:103,0
DA:106,0
DA:107,0
DA:109,0
DA:110,0
DA:111,0
DA:112,0
DA:113,0
DA:114,0
DA:115,0
DA:117,0
DA:118,0
DA:119,0
DA:120,0
DA:122,0
DA:124,0
DA:125,0
DA:126,0
DA:127,0
DA:128,0
DA:130,0
DA:131,0
DA:132,0
DA:133,0
DA:136,0
DA:139,0
DA:140,0
DA:143,0
DA:144,0
DA:145,0
DA:147,0
DA:148,0
DA:149,0
DA:150,0
DA:151,0
DA:153,0
DA:154,0
DA:155,0
DA:157,0
DA:159,0
DA:160,0
DA:162,0
DA:163,0
DA:167,0
DA:173,0
DA:174,0
DA:175,0
DA:176,0
DA:177,0
DA:179,0
LF:91
LH:1
BRDA:20,0,0,0
BRDA:20,0,1,0
BRDA:20,1,0,0
BRDA:20,1,1,0
BRDA:24,2,0,0
BRDA:24,2,1,0
BRDA:24,3,0,0
BRDA:24,3,1,0
BRDA:35,4,0,0
BRDA:35,4,1,0
BRDA:35,5,0,0
BRDA:35,5,1,0
BRDA:49,6,0,0
BRDA:49,6,1,0
BRDA:49,7,0,0
BRDA:49,7,1,0
BRDA:52,8,0,0
BRDA:52,8,1,0
BRDA:52,9,0,0
BRDA:52,9,1,0
BRDA:70,10,0,0
BRDA:70,10,1,0
BRDA:74,11,0,0
BRDA:74,11,1,0
BRDA:82,12,0,0
BRDA:82,12,1,0
BRDA:91,13,0,0
BRDA:91,13,1,0
BRDA:94,14,0,0
BRDA:94,14,1,0
BRDA:106,15,0,0
BRDA:106,15,1,0
BRDA:117,16,0,0
BRDA:117,16,1,0
BRDA:124,17,0,0
BRDA:124,17,1,0
BRDA:139,18,0,0
BRDA:139,18,1,0
BRDA:159,19,0,0
BRDA:159,19,1,0
BRDA:162,20,0,0
BRDA:162,20,1,0
BRDA:177,21,0,0
BRDA:177,21,1,0
BRF:44
BRH:0
end_of_record
TN:
SF:legacy/tagId.js
FN:11,handleExcelJson
FN:54,addRow
FN:67,addSelectCellTag
FN:69,(anonymous_3)
FN:72,(anonymous_4)
FN:90,addSheetTagId
FN:112,addWorkBookTag
FNF:7
FNH:0
FNDA:0,handleExcelJson
FNDA:0,addRow
FNDA:0,addSelectCellTag
FNDA:0,(anonymous_3)
FNDA:0,(anonymous_4)
FNDA:0,addSheetTagId
FNDA:0,addWorkBookTag
DA:3,1
DA:4,1
DA:12,0
DA:13,0
DA:14,0
DA:16,0
DA:17,0
DA:18,0
DA:19,0
DA:20,0
DA:21,0
DA:22,0
DA:23,0
DA:24,0
DA:29,0
DA:34,0
DA:38,0
DA:39,0
DA:55,0
DA:57,0
DA:68,0
DA:69,0
DA:70,0
DA:71,0
DA:72,0
DA:73,0
DA:74,0
DA:75,0
DA:76,0
DA:77,0
DA:91,0
DA:92,0
DA:93,0
DA:94,0
DA:98,0
DA:101,0
DA:102,0
DA:104,0
DA:113,0
DA:114,0
DA:115,0
DA:118,0
DA:119,0
DA:122,0
DA:125,0
LF:45
LH:2
BRDA:12,0,0,0
BRDA:12,0,1,0
BRDA:12,1,0,0
BRDA:12,1,1,0
BRDA:16,2,0,0
BRDA:16,2,1,0
BRDA:17,3,0,0
BRDA:17,3,1,0
BRDA:21,4,0,0
BRDA:21,4,1,0
BRDA:22,5,0,0
BRDA:22,5,1,0
BRDA:23,6,0,0
BRDA:23,6,1,0
BRDA:38,7,0,0
BRDA:38,7,1,0
BRDA:68,8,0,0
BRDA:68,8,1,0
BRDA:71,9,0,0
BRDA:71,9,1,0
BRDA:75,10,0,0
BRDA:75,10,1,0
BRDA:93,11,0,0
BRDA:93,11,1,0
BRDA:101,12,0,0
BRDA:101,12,1,0
BRDA:118,13,0,0
BRDA:118,13,1,0
BRF:28
BRH:0
end_of_record
TN:
SF:src/calc.js
FN:6,createWorker
FN:18,(anonymous_1)
FN:19,(anonymous_2)
FN:20,(anonymous_3)
FNF:4
FNH:0
FNDA:0,createWorker
FNDA:0,(anonymous_1)
FNDA:0,(anonymous_2)
FNDA:0,(anonymous_3)
DA:7,0
DA:8,0
DA:9,0
DA:10,0
DA:19,0
DA:20,0
DA:21,0
DA:22,0
DA:23,0
DA:27,0
DA:29,0
LF:11
LH:0
BRF:0
BRH:0
end_of_record
TN:
SF:src/comment.js
FN:10,syncSpread
FN:19,bindCellChanged
FN:20,(anonymous_2)
FN:24,(anonymous_3)
FN:38,insertCommentRightKey
FN:50,(anonymous_5)
FN:70,editCommentRightKey
FN:82,(anonymous_7)
FN:99,deleteCommentRightKey
FN:111,(anonymous_9)
FN:130,comment
FN:141,(anonymous_11)
FN:156,(anonymous_12)
FN:162,(anonymous_13)
FNF:14
FNH:0
FNDA:0,syncSpread
FNDA:0,bindCellChanged
FNDA:0,(anonymous_2)
FNDA:0,(anonymous_3)
FNDA:0,insertCommentRightKey
FNDA:0,(anonymous_5)
FNDA:0,editCommentRightKey
FNDA:0,(anonymous_7)
FNDA:0,deleteCommentRightKey
FNDA:0,(anonymous_9)
FNDA:0,comment
FNDA:0,(anonymous_11)
FNDA:0,(anonymous_12)
FNDA:0,(anonymous_13)
DA:3,1
DA:4,1
DA:5,1
DA:11,0
DA:12,0
DA:13,0
DA:20,0
DA:21,0
DA:24,0
DA:25,0
DA:39,0
DA:40,0
DA:47,0
DA:48,0
DA:51,0
DA:52,0
DA:54,0
DA:55,0
DA:56,0
DA:59,0
DA:61,0
DA:64,0
DA:71,0
DA:72,0
DA:79,0
DA:80,0
DA:83,0
DA:84,0
DA:86,0
DA:87,0
DA:88,0
DA:90,0
DA:93,0
DA:100,0
DA:101,0
DA:108,0
DA:109,0
DA:112,0
DA:113,0
DA:115,0
DA:118,0
DA:120,0
DA:123,0
DA:131,0
DA:133,0
DA:134,0
DA:135,0
DA:138,0
DA:139,0
DA:140,0
DA:141,0
DA:142,0
DA:146,0
DA:147,0
DA:148,0
DA:149,0
DA:151,0
DA:152,0
DA:156,0
DA:158,0
DA:159,0
DA:162,0
DA:163,0
DA:166,0
DA:167,0
DA:169,0
DA:170,0
LF:67
LH:3
BRDA:130,0,0,0
BRDA:133,1,0,0
BRDA:133,1,1,0
BRDA:138,2,0,0
BRDA:138,2,1,0
BRDA:147,3,0,0
BRDA:147,3,1,0
BRDA:151,4,0,0
BRDA:151,4,1,0
BRDA:151,5,0,0
BRDA:151,5,1,0
BRDA:156,6,0,0
BRDA:156,6,1,0
BRDA:156,7,0,0
BRDA:156,7,1,0
BRDA:162,8,0,0
BRDA:162,8,1,0
BRDA:169,9,0,0
BRDA:169,9,1,0
BRDA:169,10,0,0
BRDA:169,10,1,0
BRDA:169,10,2,0
BRF:22
BRH:0
end_of_record
TN:
SF:src/excel.js
FN:12,base64ToBlob
FN:14,(anonymous_1)
FN:40,fillSuffix
FN:54,exportFunc
FN:55,(anonymous_4)
FN:56,download
FN:58,(anonymous_6)
FN:77,(anonymous_7)
FN:85,(anonymous_8)
FN:89,(anonymous_9)
FN:104,importFunc
FN:105,(anonymous_11)
FN:106,uploadFile
FN:112,(anonymous_13)
FN:125,(anonymous_14)
FN:130,(anonymous_15)
FN:141,validFile
FN:158,(anonymous_17)
FN:163,(anonymous_18)
FN:169,(anonymous_19)
FNF:20
FNH:0
FNDA:0,base64ToBlob
FNDA:0,(anonymous_1)
FNDA:0,fillSuffix
FNDA:0,exportFunc
FNDA:0,(anonymous_4)
FNDA:0,download
FNDA:0,(anonymous_6)
FNDA:0,(anonymous_7)
FNDA:0,(anonymous_8)
FNDA:0,(anonymous_9)
FNDA:0,importFunc
FNDA:0,(anonymous_11)
FNDA:0,uploadFile
FNDA:0,(anonymous_13)
FNDA:0,(anonymous_14)
FNDA:0,(anonymous_15)
FNDA:0,validFile
FNDA:0,(anonymous_17)
FNDA:0,(anonymous_18)
FNDA:0,(anonymous_19)
DA:5,1
DA:13,0
DA:14,0
DA:16,0
DA:17,0
DA:18,0
DA:19,0
DA:20,0
DA:21,0
DA:22,0
DA:26,0
DA:28,0
DA:41,0
DA:42,0
DA:44,0
DA:55,0
DA:57,0
DA:58,0
DA:60,0
DA:76,0
DA:79,0
DA:83,0
DA:84,0
DA:85,0
DA:86,0
DA:87,0
DA:89,0
DA:90,0
DA:93,0
DA:105,0
DA:107,0
DA:108,0
DA:110,0
DA:111,0
DA:112,0
DA:113,0
DA:114,0
DA:115,0
DA:116,0
DA:117,0
DA:120,0
DA:121,0
DA:123,0
DA:126,0
DA:129,0
DA:130,0
DA:131,0
DA:132,0
DA:134,0
DA:137,0
DA:142,0
DA:143,0
DA:144,0
DA:145,0
DA:148,0
DA:149,0
DA:150,0
DA:151,0
DA:152,0
DA:153,0
DA:154,0
DA:155,0
DA:156,0
DA:157,0
DA:158,0
DA:159,0
DA:160,0
DA:163,0
DA:164,0
DA:165,0
DA:168,0
DA:169,0
DA:170,0
DA:171,0
LF:74
LH:1
BRDA:13,0,0,0
BRDA:13,0,1,0
BRDA:41,1,0,0
BRDA:41,1,1,0
BRDA:54,2,0,0
BRDA:83,3,0,0
BRDA:83,3,1,0
BRDA:87,4,0,0
BRDA:87,4,1,0
BRDA:87,4,2,0
BRDA:93,5,0,0
BRDA:93,5,1,0
BRDA:93,5,2,0
BRDA:104,6,0,0
BRDA:108,7,0,0
BRDA:108,7,1,0
BRDA:108,8,0,0
BRDA:108,8,1,0
BRDA:111,9,0,0
BRDA:111,9,1,0
BRDA:113,10,0,0
BRDA:113,10,1,0
BRDA:120,11,0,0
BRDA:120,11,1,0
BRDA:156,12,0,0
BRDA:156,12,1,0
BRDA:157,13,0,0
BRDA:157,13,1,0
BRDA:157,14,0,0
BRDA:157,14,1,0
BRDA:168,15,0,0
BRDA:168,15,1,0
BRF:32
BRH:0
end_of_record
TN:
SF:src/index.js
FNF:0
FNH:0
LF:0
LH:0
BRF:0
BRH:0
end_of_record
TN:
SF:src/init.js
FN:19,bindSheetChanged
FN:28,(anonymous_1)
FN:40,calcCurrentSheetFormula
FN:45,(anonymous_3)
FN:56,recalcAllFormula
FN:58,(anonymous_5)
FN:72,initSpread
FNF:7
FNH:3
FNDA:0,bindSheetChanged
FNDA:0,(anonymous_1)
FNDA:0,calcCurrentSheetFormula
FNDA:0,(anonymous_3)
FNDA:3,recalcAllFormula
FNDA:3,(anonymous_5)
FNDA:3,initSpread
DA:1,1
DA:2,1
DA:11,1
DA:12,1
DA:13,1
DA:14,1
DA:28,0
DA:29,0
DA:30,0
DA:31,0
DA:32,0
DA:41,0
DA:42,0
DA:45,0
DA:46,0
DA:47,0
DA:49,0
DA:57,3
DA:58,3
DA:59,3
DA:60,3
DA:61,3
DA:73,3
DA:74,3
DA:75,3
DA:77,3
DA:78,3
DA:89,3
DA:95,3
DA:96,0
DA:98,3
DA:101,3
DA:102,1
DA:105,3
DA:106,0
DA:109,3
DA:110,1
DA:113,3
LF:38
LH:25
BRDA:30,0,0,0
BRDA:30,0,1,0
BRDA:41,1,0,0
BRDA:41,1,1,0
BRDA:72,2,0,0
BRDA:72,3,0,1
BRDA:73,4,0,3
BRDA:73,4,1,0
BRDA:95,5,0,0
BRDA:95,5,1,3
BRDA:101,6,0,1
BRDA:101,6,1,2
BRDA:105,7,0,0
BRDA:105,7,1,3
BRDA:109,8,0,1
BRDA:109,8,1,2
BRF:16
BRH:8
end_of_record
TN:
SF:src/license.js
FN:13,injectLicenseKey
FNF:1
FNH:0
FNDA:0,injectLicenseKey
DA:14,0
DA:15,0
LF:2
LH:0
BRF:0
BRH:0
end_of_record
TN:
SF:src/options.js
FNF:0
FNH:0
DA:2,1
DA:48,1
DA:70,1
DA:156,1
DA:166,1
DA:173,1
DA:182,1
DA:214,1
DA:232,1
DA:236,1
DA:248,1
DA:252,1
LF:12
LH:12
BRF:0
BRH:0
end_of_record
TN:
SF:src/utils.js
FN:3,whichFormatBelong
FNF:1
FNH:0
FNDA:0,whichFormatBelong
DA:4,0
DA:5,0
DA:6,0
DA:7,0
DA:8,0
DA:9,0
DA:10,0
DA:11,0
DA:12,0
DA:13,0
DA:14,0
DA:15,0
DA:16,0
DA:17,0
DA:18,0
DA:19,0
DA:20,0
DA:21,0
DA:22,0
DA:23,0
DA:26,0
LF:21
LH:0
BRDA:4,0,0,0
BRDA:4,0,1,0
BRDA:6,1,0,0
BRDA:6,1,1,0
BRDA:8,2,0,0
BRDA:8,2,1,0
BRDA:10,3,0,0
BRDA:10,3,1,0
BRDA:12,4,0,0
BRDA:12,4,1,0
BRDA:14,5,0,0
BRDA:14,5,1,0
BRDA:16,6,0,0
BRDA:16,6,1,0
BRDA:18,7,0,0
BRDA:18,7,1,0
BRDA:18,8,0,0
BRDA:18,8,1,0
BRDA:20,9,0,0
BRDA:20,9,1,0
BRDA:20,10,0,0
BRDA:20,10,1,0
BRDA:22,11,0,0
BRDA:22,11,1,0
BRF:24
BRH:0
end_of_record
TN:
SF:toolkit/index.js
FN:17,index
FNF:1
FNH:1
FNDA:1,index
DA:18,1
DA:19,1
DA:20,1
DA:21,1
DA:22,1
DA:23,1
DA:24,1
DA:25,1
DA:26,1
DA:27,1
DA:28,1
DA:29,1
DA:30,1
DA:32,1
LF:14
LH:14
BRF:0
BRH:0
end_of_record
TN:
SF:toolkit/mixins.js
FN:5,(anonymous_0)
FN:97,(anonymous_1)
FN:98,(anonymous_2)
FN:107,(anonymous_3)
FN:113,(anonymous_4)
FN:121,(anonymous_5)
FN:129,(anonymous_6)
FN:207,(anonymous_7)
FN:214,(anonymous_8)
FN:223,(anonymous_9)
FN:278,(anonymous_10)
FN:320,(anonymous_11)
FN:362,(anonymous_12)
FN:386,(anonymous_13)
FN:424,(anonymous_14)
FN:462,(anonymous_15)
FN:495,(anonymous_16)
FN:527,(anonymous_17)
FN:542,(anonymous_18)
FN:548,(anonymous_19)
FN:563,(anonymous_20)
FN:582,(anonymous_21)
FN:598,(anonymous_22)
FN:605,(anonymous_23)
FN:620,(anonymous_24)
FN:635,(anonymous_25)
FN:669,(anonymous_26)
FN:676,(anonymous_27)
FN:733,(anonymous_28)
FN:757,(anonymous_29)
FN:781,(anonymous_30)
FN:849,(anonymous_31)
FN:864,(anonymous_32)
FN:888,(anonymous_33)
FN:892,(anonymous_34)
FN:900,(anonymous_35)
FN:917,(anonymous_36)
FN:933,(anonymous_37)
FN:940,(anonymous_38)
FN:948,(anonymous_39)
FN:979,(anonymous_40)
FN:983,(anonymous_41)
FN:1007,(anonymous_42)
FN:1014,(anonymous_43)
FN:1016,(anonymous_44)
FN:1019,(anonymous_45)
FN:1026,(anonymous_46)
FNF:47
FNH:7
FNDA:1,(anonymous_0)
FNDA:1,(anonymous_1)
FNDA:0,(anonymous_2)
FNDA:0,(anonymous_3)
FNDA:0,(anonymous_4)
FNDA:1,(anonymous_5)
FNDA:1,(anonymous_6)
FNDA:0,(anonymous_7)
FNDA:0,(anonymous_8)
FNDA:0,(anonymous_9)
FNDA:0,(anonymous_10)
FNDA:0,(anonymous_11)
FNDA:0,(anonymous_12)
FNDA:0,(anonymous_13)
FNDA:0,(anonymous_14)
FNDA:0,(anonymous_15)
FNDA:0,(anonymous_16)
FNDA:0,(anonymous_17)
FNDA:0,(anonymous_18)
FNDA:0,(anonymous_19)
FNDA:0,(anonymous_20)
FNDA:0,(anonymous_21)
FNDA:0,(anonymous_22)
FNDA:0,(anonymous_23)
FNDA:0,(anonymous_24)
FNDA:0,(anonymous_25)
FNDA:0,(anonymous_26)
FNDA:0,(anonymous_27)
FNDA:0,(anonymous_28)
FNDA:0,(anonymous_29)
FNDA:0,(anonymous_30)
FNDA:0,(anonymous_31)
FNDA:0,(anonymous_32)
FNDA:0,(anonymous_33)
FNDA:0,(anonymous_34)
FNDA:0,(anonymous_35)
FNDA:0,(anonymous_36)
FNDA:0,(anonymous_37)
FNDA:0,(anonymous_38)
FNDA:0,(anonymous_39)
FNDA:0,(anonymous_40)
FNDA:1,(anonymous_41)
FNDA:1,(anonymous_42)
FNDA:1,(anonymous_43)
FNDA:0,(anonymous_44)
FNDA:0,(anonymous_45)
FNDA:0,(anonymous_46)
DA:6,1
DA:98,1
DA:99,0
DA:100,0
DA:102,0
DA:104,0
DA:107,1
DA:108,0
DA:109,0
DA:113,1
DA:114,0
DA:115,0
DA:122,1
DA:123,1
DA:124,1
DA:130,1
DA:131,1
DA:132,1
DA:134,1
DA:135,1
DA:137,1
DA:139,1
DA:140,0
DA:144,1
DA:147,1
DA:150,1
DA:153,1
DA:154,1
DA:155,1
DA:158,1
DA:159,1
DA:160,1
DA:163,1
DA:166,1
DA:167,0
DA:168,0
DA:169,0
DA:170,0
DA:171,0
DA:173,0
DA:177,1
DA:181,1
DA:182,0
DA:183,0
DA:184,0
DA:185,0
DA:186,0
DA:188,0
DA:192,1
DA:195,1
DA:196,1
DA:198,1
DA:208,0
DA:215,0
DA:216,0
DA:217,0
DA:224,0
DA:225,0
DA:227,0
DA:228,0
DA:229,0
DA:230,0
DA:231,0
DA:232,0
DA:234,0
DA:235,0
DA:237,0
DA:238,0
DA:241,0
DA:242,0
DA:244,0
DA:245,0
DA:247,0
DA:248,0
DA:249,0
DA:250,0
DA:253,0
DA:254,0
DA:255,0
DA:256,0
DA:257,0
DA:258,0
DA:259,0
DA:272,0
DA:279,0
DA:280,0
DA:281,0
DA:282,0
DA:283,0
DA:284,0
DA:285,0
DA:286,0
DA:287,0
DA:288,0
DA:290,0
DA:291,0
DA:292,0
DA:293,0
DA:294,0
DA:295,0
DA:298,0
DA:299,0
DA:300,0
DA:301,0
DA:302,0
DA:306,0
DA:308,0
DA:309,0
DA:312,0
DA:314,0
DA:321,0
DA:322,0
DA:323,0
DA:324,0
DA:325,0
DA:326,0
DA:327,0
DA:328,0
DA:329,0
DA:330,0
DA:332,0
DA:333,0
DA:334,0
DA:335,0
DA:336,0
DA:337,0
DA:340,0
DA:341,0
DA:342,0
DA:343,0
DA:344,0
DA:348,0
DA:350,0
DA:351,0
DA:354,0
DA:356,0
DA:363,0
DA:364,0
DA:365,0
DA:366,0
DA:367,0
DA:368,0
DA:369,0
DA:370,0
DA:371,0
DA:373,0
DA:377,0
DA:379,0
DA:388,0
DA:389,0
DA:391,0
DA:393,0
DA:394,0
DA:395,0
DA:396,0
DA:397,0
DA:398,0
DA:399,0
DA:400,0
DA:401,0
DA:402,0
DA:404,0
DA:405,0
DA:406,0
DA:407,0
DA:408,0
DA:411,0
DA:412,0
DA:415,0
DA:417,0
DA:426,0
DA:427,0
DA:429,0
DA:431,0
DA:432,0
DA:433,0
DA:434,0
DA:435,0
DA:436,0
DA:437,0
DA:438,0
DA:439,0
DA:440,0
DA:442,0
DA:443,0
DA:444,0
DA:445,0
DA:446,0
DA:449,0
DA:450,0
DA:453,0
DA:455,0
DA:463,0
DA:464,0
DA:465,0
DA:466,0
DA:467,0
DA:468,0
DA:469,0
DA:470,0
DA:471,0
DA:472,0
DA:473,0
DA:477,0
DA:479,0
DA:480,0
DA:482,0
DA:483,0
DA:485,0
DA:486,0
DA:488,0
DA:496,0
DA:497,0
DA:498,0
DA:499,0
DA:500,0
DA:501,0
DA:502,0
DA:503,0
DA:504,0
DA:505,0
DA:506,0
DA:510,0
DA:512,0
DA:513,0
DA:515,0
DA:516,0
DA:518,0
DA:519,0
DA:521,0
DA:528,0
DA:529,0
DA:530,0
DA:532,0
DA:533,0
DA:535,0
DA:536,0
DA:539,0
DA:543,0
DA:549,0
DA:550,0
DA:551,0
DA:552,0
DA:553,0
DA:554,0
DA:555,0
DA:557,0
DA:564,0
DA:565,0
DA:566,0
DA:567,0
DA:568,0
DA:569,0
DA:570,0
DA:571,0
DA:572,0
DA:576,0
DA:583,0
DA:584,0
DA:585,0
DA:586,0
DA:587,0
DA:588,0
DA:589,0
DA:590,0
DA:594,0
DA:595,0
DA:599,0
DA:606,0
DA:607,0
DA:608,0
DA:609,0
DA:610,0
DA:611,0
DA:612,0
DA:614,0
DA:621,0
DA:622,0
DA:623,0
DA:624,0
DA:625,0
DA:626,0
DA:628,0
DA:637,0
DA:638,0
DA:640,0
DA:642,0
DA:643,0
DA:644,0
DA:645,0
DA:646,0
DA:647,0
DA:648,0
DA:649,0
DA:650,0
DA:651,0
DA:652,0
DA:653,0
DA:654,0
DA:656,0
DA:659,0
DA:663,0
DA:665,0
DA:666,0
DA:670,0
DA:677,0
DA:678,0
DA:679,0
DA:680,0
DA:681,0
DA:682,0
DA:683,0
DA:685,0
DA:686,0
DA:687,0
DA:688,0
DA:689,0
DA:691,0
DA:692,0
DA:693,0
DA:694,0
DA:696,0
DA:697,0
DA:698,0
DA:702,0
DA:703,0
DA:704,0
DA:705,0
DA:706,0
DA:707,0
DA:708,0
DA:710,0
DA:711,0
DA:712,0
DA:713,0
DA:714,0
DA:719,0
DA:720,0
DA:722,0
DA:723,0
DA:724,0
DA:725,0
DA:726,0
DA:734,0
DA:735,0
DA:738,0
DA:739,0
DA:740,0
DA:741,0
DA:742,0
DA:743,0
DA:745,0
DA:746,0
DA:747,0
DA:748,0
DA:749,0
DA:750,0
DA:754,0
DA:758,0
DA:759,0
DA:762,0
DA:763,0
DA:764,0
DA:765,0
DA:767,0
DA:768,0
DA:769,0
DA:771,0
DA:772,0
DA:773,0
DA:775,0
DA:782,0
DA:783,0
DA:784,0
DA:785,0
DA:786,0
DA:787,0
DA:788,0
DA:789,0
DA:791,0
DA:792,0
DA:793,0
DA:794,0
DA:795,0
DA:796,0
DA:797,0
DA:798,0
DA:799,0
DA:800,0
DA:801,0
DA:802,0
DA:803,0
DA:805,0
DA:808,0
DA:809,0
DA:811,0
DA:812,0
DA:816,0
DA:817,0
DA:818,0
DA:819,0
DA:820,0
DA:821,0
DA:822,0
DA:823,0
DA:824,0
DA:825,0
DA:832,0
DA:834,0
DA:835,0
DA:836,0
DA:837,0
DA:838,0
DA:850,0
DA:851,0
DA:852,0
DA:853,0
DA:854,0
DA:856,0
DA:858,0
DA:865,0
DA:867,0
DA:869,0
DA:870,0
DA:871,0
DA:873,0
DA:874,0
DA:876,0
DA:878,0
DA:879,0
DA:881,0
DA:882,0
DA:884,0
DA:889,0
DA:893,0
DA:901,0
DA:902,0
DA:903,0
DA:904,0
DA:905,0
DA:906,0
DA:908,0
DA:909,0
DA:910,0
DA:918,0
DA:919,0
DA:920,0
DA:921,0
DA:922,0
DA:923,0
DA:925,0
DA:926,0
DA:927,0
DA:934,0
DA:941,0
DA:949,0
DA:950,0
DA:951,0
DA:953,0
DA:954,0
DA:955,0
DA:956,0
DA:958,0
DA:959,0
DA:960,0
DA:961,0
DA:962,0
DA:963,0
DA:965,0
DA:966,0
DA:967,0
DA:968,0
DA:969,0
DA:972,0
DA:975,0
DA:976,0
DA:980,0
DA:984,1
DA:985,1
DA:986,1
DA:987,1
DA:988,1
DA:989,1
DA:990,1
DA:991,1
DA:992,1
DA:993,0
DA:994,0
DA:995,0
DA:996,1
DA:997,0
DA:998,0
DA:999,0
DA:1000,1
DA:1001,1
DA:1002,1
DA:1003,1
DA:1008,1
DA:1009,1
DA:1010,1
DA:1012,1
DA:1014,1
DA:1015,1
DA:1016,1
DA:1017,0
DA:1018,0
DA:1019,0
DA:1020,0
DA:1021,0
LF:509
LH:52
BRDA:132,0,0,1
BRDA:132,0,1,0
BRDA:137,1,0,1
BRDA:137,1,1,1
BRDA:139,2,0,0
BRDA:139,2,1,1
BRDA:144,3,0,1
BRDA:144,3,1,0
BRDA:147,4,0,1
BRDA:147,4,1,0
BRDA:163,5,0,1
BRDA:163,5,1,0
BRDA:166,6,0,0
BRDA:166,6,1,1
BRDA:169,7,0,0
BRDA:169,7,1,0
BRDA:181,8,0,0
BRDA:181,8,1,1
BRDA:184,9,0,0
BRDA:184,9,1,0
BRDA:195,10,0,1
BRDA:195,10,1,1
BRDA:196,11,0,1
BRDA:196,11,1,1
BRDA:208,12,0,0
BRDA:208,12,1,0
BRDA:224,13,0,0
BRDA:224,13,1,0
BRDA:234,14,0,0
BRDA:234,14,1,0
BRDA:237,15,0,0
BRDA:237,15,1,0
BRDA:241,16,0,0
BRDA:241,16,1,0
BRDA:244,17,0,0
BRDA:244,17,1,0
BRDA:255,18,0,0
BRDA:255,18,1,0
BRDA:256,19,0,0
BRDA:256,19,1,0
BRDA:282,20,0,0
BRDA:282,20,1,0
BRDA:286,21,0,0
BRDA:286,21,1,0
BRDA:287,22,0,0
BRDA:287,22,1,0
BRDA:291,23,0,0
BRDA:291,23,1,0
BRDA:293,24,0,0
BRDA:293,24,1,0
BRDA:298,25,0,0
BRDA:298,25,1,0
BRDA:298,26,0,0
BRDA:298,26,1,0
BRDA:300,27,0,0
BRDA:300,27,1,0
BRDA:300,28,0,0
BRDA:300,28,1,0
BRDA:324,29,0,0
BRDA:324,29,1,0
BRDA:328,30,0,0
BRDA:328,30,1,0
BRDA:329,31,0,0
BRDA:329,31,1,0
BRDA:333,32,0,0
BRDA:333,32,1,0
BRDA:335,33,0,0
BRDA:335,33,1,0
BRDA:340,34,0,0
BRDA:340,34,1,0
BRDA:340,35,0,0
BRDA:340,35,1,0
BRDA:342,36,0,0
BRDA:342,36,1,0
BRDA:342,37,0,0
BRDA:342,37,1,0
BRDA:366,38,0,0
BRDA:366,38,1,0
BRDA:370,39,0,0
BRDA:370,39,1,0
BRDA:388,40,0,0
BRDA:388,40,1,0
BRDA:396,41,0,0
BRDA:396,41,1,0
BRDA:400,42,0,0
BRDA:400,42,1,0
BRDA:401,43,0,0
BRDA:401,43,1,0
BRDA:406,44,0,0
BRDA:406,44,1,0
BRDA:426,45,0,0
BRDA:426,45,1,0
BRDA:434,46,0,0
BRDA:434,46,1,0
BRDA:438,47,0,0
BRDA:438,47,1,0
BRDA:439,48,0,0
BRDA:439,48,1,0
BRDA:444,49,0,0
BRDA:444,49,1,0
BRDA:462,50,0,0
BRDA:469,51,0,0
BRDA:469,51,1,0
BRDA:477,52,0,0
BRDA:477,52,1,0
BRDA:477,52,2,0
BRDA:495,53,0,0
BRDA:502,54,0,0
BRDA:502,54,1,0
BRDA:510,55,0,0
BRDA:510,55,1,0
BRDA:510,55,2,0
BRDA:529,56,0,0
BRDA:529,56,1,0
BRDA:529,57,0,0
BRDA:529,57,1,0
BRDA:532,58,0,0
BRDA:532,58,1,0
BRDA:535,59,0,0
BRDA:535,59,1,0
BRDA:553,60,0,0
BRDA:553,60,1,0
BRDA:568,61,0,0
BRDA:568,61,1,0
BRDA:586,62,0,0
BRDA:586,62,1,0
BRDA:609,63,0,0
BRDA:609,63,1,0
BRDA:624,64,0,0
BRDA:624,64,1,0
BRDA:637,65,0,0
BRDA:637,65,1,0
BRDA:645,66,0,0
BRDA:645,66,1,0
BRDA:649,67,0,0
BRDA:649,67,1,0
BRDA:651,68,0,0
BRDA:651,68,1,0
BRDA:652,69,0,0
BRDA:652,69,1,0
BRDA:685,70,0,0
BRDA:685,70,1,0
BRDA:685,71,0,0
BRDA:685,71,1,0
BRDA:692,72,0,0
BRDA:692,72,1,0
BRDA:692,73,0,0
BRDA:692,73,1,0
BRDA:692,73,2,0
BRDA:692,73,3,0
BRDA:692,73,4,0
BRDA:694,74,0,0
BRDA:694,74,1,0
BRDA:694,75,0,0
BRDA:694,75,1,0
BRDA:704,76,0,0
BRDA:704,76,1,0
BRDA:705,77,0,0
BRDA:705,77,1,0
BRDA:705,78,0,0
BRDA:705,78,1,0
BRDA:705,78,2,0
BRDA:705,78,3,0
BRDA:707,79,0,0
BRDA:707,79,1,0
BRDA:712,80,0,0
BRDA:712,80,1,0
BRDA:713,81,0,0
BRDA:713,81,1,0
BRDA:734,82,0,0
BRDA:734,82,1,0
BRDA:740,83,0,0
BRDA:740,83,1,0
BRDA:740,84,0,0
BRDA:740,84,1,0
BRDA:745,85,0,0
BRDA:745,85,1,0
BRDA:747,86,0,0
BRDA:747,86,1,0
BRDA:758,87,0,0
BRDA:758,87,1,0
BRDA:791,88,0,0
BRDA:791,88,1,0
BRDA:791,89,0,0
BRDA:791,89,1,0
BRDA:793,90,0,0
BRDA:793,90,1,0
BRDA:793,91,0,0
BRDA:793,91,1,0
BRDA:794,92,0,0
BRDA:794,92,1,0
BRDA:796,93,0,0
BRDA:796,93,1,0
BRDA:801,94,0,0
BRDA:801,94,1,0
BRDA:801,95,0,0
BRDA:801,95,1,0
BRDA:801,95,2,0
BRDA:808,96,0,0
BRDA:808,96,1,0
BRDA:812,97,0,0
BRDA:812,97,1,0
BRDA:818,98,0,0
BRDA:818,98,1,0
BRDA:819,99,0,0
BRDA:819,99,1,0
BRDA:819,100,0,0
BRDA:819,100,1,0
BRDA:819,100,2,0
BRDA:819,100,3,0
BRDA:821,101,0,0
BRDA:821,101,1,0
BRDA:821,102,0,0
BRDA:821,102,1,0
BRDA:823,103,0,0
BRDA:823,103,1,0
BRDA:824,104,0,0
BRDA:824,104,1,0
BRDA:824,105,0,0
BRDA:824,105,1,0
BRDA:853,106,0,0
BRDA:853,106,1,0
BRDA:865,107,0,0
BRDA:865,107,1,0
BRDA:865,107,2,0
BRDA:904,108,0,0
BRDA:904,108,1,0
BRDA:921,109,0,0
BRDA:921,109,1,0
BRDA:958,110,0,0
BRDA:958,110,1,0
BRDA:992,111,0,0
BRDA:992,111,1,1
BRDA:992,112,0,1
BRDA:992,112,1,1
BRDA:996,113,0,0
BRDA:996,113,1,1
BRDA:1000,114,0,1
BRDA:1000,114,1,0
BRDA:1017,115,0,0
BRDA:1017,115,1,0
BRF:241
BRH:18
end_of_record
